build/app/intermediates/manifest_merge_blame_file/debug/manifest-merger-blame-debug-report.txt
1<?xml version="1.0" encoding="utf-8"?>
2<manifest xmlns:android="http://schemas.android.com/apk/res/android"
3    package="com.example.vcard"
4    android:versionCode="1"
5    android:versionName="1.0.0" >
6
7    <uses-sdk
8        android:minSdkVersion="21"
9        android:targetSdkVersion="35" />
10    <!--
11         The INTERNET permission is required for development. Specifically,
12         the Flutter tool needs it to communicate with the running application
13         to allow setting breakpoints, to provide hot reload, etc.
14    -->
15    <uses-permission android:name="android.permission.INTERNET" />
15-->src\debug\AndroidManifest.xml:6:5-66
15-->src\debug\AndroidManifest.xml:6:22-64
16    <!-- Provide required visibility configuration for API level 30 and above -->
17    <queries>
17-->src\main\AndroidManifest.xml:3:5-30:15
18
19        <!-- If your app checks for SMS support -->
20        <intent>
20-->src\main\AndroidManifest.xml:5:9-8:18
21            <action android:name="android.intent.action.VIEW" />
21-->src\main\AndroidManifest.xml:6:13-65
21-->src\main\AndroidManifest.xml:6:21-62
22
23            <data android:scheme="sms" />
23-->src\main\AndroidManifest.xml:7:13-42
23-->src\main\AndroidManifest.xml:7:19-39
24        </intent>
25        <!-- If your app checks for call support -->
26        <intent>
26-->src\main\AndroidManifest.xml:10:9-13:18
27            <action android:name="android.intent.action.VIEW" />
27-->src\main\AndroidManifest.xml:6:13-65
27-->src\main\AndroidManifest.xml:6:21-62
28
29            <data android:scheme="tel" />
29-->src\main\AndroidManifest.xml:7:13-42
29-->src\main\AndroidManifest.xml:7:19-39
30        </intent>
31        <intent>
31-->src\main\AndroidManifest.xml:14:9-17:18
32            <action android:name="android.intent.action.VIEW" />
32-->src\main\AndroidManifest.xml:6:13-65
32-->src\main\AndroidManifest.xml:6:21-62
33
34            <data android:scheme="geo" />
34-->src\main\AndroidManifest.xml:7:13-42
34-->src\main\AndroidManifest.xml:7:19-39
35        </intent>
36        <intent>
36-->src\main\AndroidManifest.xml:18:9-21:18
37            <action android:name="android.intent.action.VIEW" />
37-->src\main\AndroidManifest.xml:6:13-65
37-->src\main\AndroidManifest.xml:6:21-62
38
39            <data android:scheme="https" />
39-->src\main\AndroidManifest.xml:7:13-42
39-->src\main\AndroidManifest.xml:7:19-39
40        </intent>
41        <intent>
41-->src\main\AndroidManifest.xml:22:9-25:18
42            <action android:name="android.intent.action.VIEW" />
42-->src\main\AndroidManifest.xml:6:13-65
42-->src\main\AndroidManifest.xml:6:21-62
43
44            <data android:scheme="mailto" />
44-->src\main\AndroidManifest.xml:7:13-42
44-->src\main\AndroidManifest.xml:7:19-39
45        </intent>
46        <!-- If your application checks for inAppBrowserView launch mode support -->
47        <intent>
47-->src\main\AndroidManifest.xml:27:9-29:18
48            <action android:name="android.support.customtabs.action.CustomTabsService" />
48-->src\main\AndroidManifest.xml:28:13-90
48-->src\main\AndroidManifest.xml:28:21-87
49        </intent>
50    </queries>
51    <!--
52 Required to query activities that can process text, see:
53         https://developer.android.com/training/package-visibility and
54         https://developer.android.com/reference/android/content/Intent#ACTION_PROCESS_TEXT.
55
56         In particular, this is used by the Flutter engine in io.flutter.plugin.text.ProcessTextPlugin.
57    -->
58    <queries>
58-->src\main\AndroidManifest.xml:3:5-30:15
59        <intent>
60            <action android:name="android.intent.action.PROCESS_TEXT" />
61
62            <data android:mimeType="text/plain" />
62-->src\main\AndroidManifest.xml:7:13-42
63        </intent>
64    </queries>
65
66    <permission
66-->[androidx.core:core:1.13.1] AndroidManifest.xml:22:5-24:47
67        android:name="com.example.vcard.DYNAMIC_RECEIVER_NOT_EXPORTED_PERMISSION"
67-->[androidx.core:core:1.13.1] AndroidManifest.xml:23:9-81
68        android:protectionLevel="signature" />
68-->[androidx.core:core:1.13.1] AndroidManifest.xml:24:9-44
69
70    <uses-permission android:name="com.example.vcard.DYNAMIC_RECEIVER_NOT_EXPORTED_PERMISSION" /> <!-- Although the *SdkVersion is captured in gradle build files, this is required for non gradle builds -->
70-->[androidx.core:core:1.13.1] AndroidManifest.xml:26:5-97
70-->[androidx.core:core:1.13.1] AndroidManifest.xml:26:22-94
71    <!-- <uses-sdk android:minSdkVersion="14"/> -->
72    <uses-permission android:name="android.permission.ACCESS_NETWORK_STATE" />
72-->[com.google.android.datatransport:transport-backend-cct:2.3.3] AndroidManifest.xml:25:5-79
72-->[com.google.android.datatransport:transport-backend-cct:2.3.3] AndroidManifest.xml:25:22-76
73
74    <application
75        android:name="android.app.Application"
76        android:appComponentFactory="androidx.core.app.CoreComponentFactory"
76-->[androidx.core:core:1.13.1] AndroidManifest.xml:28:18-86
77        android:debuggable="true"
78        android:extractNativeLibs="true"
79        android:icon="@mipmap/ic_launcher"
80        android:label="vcard" >
81        <activity
82            android:name="com.example.vcard.MainActivity"
83            android:configChanges="orientation|keyboardHidden|keyboard|screenSize|smallestScreenSize|locale|layoutDirection|fontScale|screenLayout|density|uiMode"
84            android:exported="true"
85            android:hardwareAccelerated="true"
86            android:launchMode="singleTop"
87            android:taskAffinity=""
88            android:theme="@style/LaunchTheme"
89            android:windowSoftInputMode="adjustResize" >
90
91            <!--
92                 Specifies an Android theme to apply to this Activity as soon as
93                 the Android process has started. This theme is visible to the user
94                 while the Flutter UI initializes. After that, this theme continues
95                 to determine the Window background behind the Flutter UI.
96            -->
97            <meta-data
98                android:name="io.flutter.embedding.android.NormalTheme"
99                android:resource="@style/NormalTheme" />
100
101            <intent-filter>
102                <action android:name="android.intent.action.MAIN" />
103
104                <category android:name="android.intent.category.LAUNCHER" />
105            </intent-filter>
106        </activity>
107        <!--
108             Don't delete the meta-data below.
109             This is used by the Flutter tool to generate GeneratedPluginRegistrant.java
110        -->
111        <meta-data
112            android:name="flutterEmbedding"
113            android:value="2" />
114
115        <provider
115-->[:image_picker_android] AndroidManifest.xml:9:9-17:20
116            android:name="io.flutter.plugins.imagepicker.ImagePickerFileProvider"
116-->[:image_picker_android] AndroidManifest.xml:10:13-82
117            android:authorities="com.example.vcard.flutter.image_provider"
117-->[:image_picker_android] AndroidManifest.xml:11:13-74
118            android:exported="false"
118-->[:image_picker_android] AndroidManifest.xml:12:13-37
119            android:grantUriPermissions="true" >
119-->[:image_picker_android] AndroidManifest.xml:13:13-47
120            <meta-data
120-->[:image_picker_android] AndroidManifest.xml:14:13-16:75
121                android:name="android.support.FILE_PROVIDER_PATHS"
121-->[:image_picker_android] AndroidManifest.xml:15:17-67
122                android:resource="@xml/flutter_image_picker_file_paths" />
122-->[:image_picker_android] AndroidManifest.xml:16:17-72
123        </provider> <!-- Trigger Google Play services to install the backported photo picker module. -->
124        <service
124-->[:image_picker_android] AndroidManifest.xml:19:9-31:19
125            android:name="com.google.android.gms.metadata.ModuleDependencies"
125-->[:image_picker_android] AndroidManifest.xml:20:13-78
126            android:enabled="false"
126-->[:image_picker_android] AndroidManifest.xml:21:13-36
127            android:exported="false" >
127-->[:image_picker_android] AndroidManifest.xml:22:13-37
128            <intent-filter>
128-->[:image_picker_android] AndroidManifest.xml:24:13-26:29
129                <action android:name="com.google.android.gms.metadata.MODULE_DEPENDENCIES" />
129-->[:image_picker_android] AndroidManifest.xml:25:17-94
129-->[:image_picker_android] AndroidManifest.xml:25:25-91
130            </intent-filter>
131
132            <meta-data
132-->[:image_picker_android] AndroidManifest.xml:28:13-30:36
133                android:name="photopicker_activity:0:required"
133-->[:image_picker_android] AndroidManifest.xml:29:17-63
134                android:value="" />
134-->[:image_picker_android] AndroidManifest.xml:30:17-33
135        </service>
136
137        <activity
137-->[:url_launcher_android] AndroidManifest.xml:8:9-11:74
138            android:name="io.flutter.plugins.urllauncher.WebViewActivity"
138-->[:url_launcher_android] AndroidManifest.xml:9:13-74
139            android:exported="false"
139-->[:url_launcher_android] AndroidManifest.xml:10:13-37
140            android:theme="@android:style/Theme.NoTitleBar.Fullscreen" />
140-->[:url_launcher_android] AndroidManifest.xml:11:13-71
141
142        <service
142-->[com.google.android.gms:play-services-mlkit-text-recognition-common:19.1.0] AndroidManifest.xml:9:9-15:19
143            android:name="com.google.mlkit.common.internal.MlKitComponentDiscoveryService"
143-->[com.google.android.gms:play-services-mlkit-text-recognition-common:19.1.0] AndroidManifest.xml:10:13-91
144            android:directBootAware="true"
144-->[com.google.mlkit:common:18.11.0] AndroidManifest.xml:17:13-43
145            android:exported="false" >
145-->[com.google.android.gms:play-services-mlkit-text-recognition-common:19.1.0] AndroidManifest.xml:11:13-37
146            <meta-data
146-->[com.google.android.gms:play-services-mlkit-text-recognition-common:19.1.0] AndroidManifest.xml:12:13-14:85
147                android:name="com.google.firebase.components:com.google.mlkit.vision.text.internal.TextRegistrar"
147-->[com.google.android.gms:play-services-mlkit-text-recognition-common:19.1.0] AndroidManifest.xml:13:17-114
148                android:value="com.google.firebase.components.ComponentRegistrar" />
148-->[com.google.android.gms:play-services-mlkit-text-recognition-common:19.1.0] AndroidManifest.xml:14:17-82
149            <meta-data
149-->[com.google.mlkit:vision-common:17.3.0] AndroidManifest.xml:12:13-14:85
150                android:name="com.google.firebase.components:com.google.mlkit.vision.common.internal.VisionCommonRegistrar"
150-->[com.google.mlkit:vision-common:17.3.0] AndroidManifest.xml:13:17-124
151                android:value="com.google.firebase.components.ComponentRegistrar" />
151-->[com.google.mlkit:vision-common:17.3.0] AndroidManifest.xml:14:17-82
152            <meta-data
152-->[com.google.mlkit:common:18.11.0] AndroidManifest.xml:20:13-22:85
153                android:name="com.google.firebase.components:com.google.mlkit.common.internal.CommonComponentRegistrar"
153-->[com.google.mlkit:common:18.11.0] AndroidManifest.xml:21:17-120
154                android:value="com.google.firebase.components.ComponentRegistrar" />
154-->[com.google.mlkit:common:18.11.0] AndroidManifest.xml:22:17-82
155        </service>
156
157        <provider
157-->[com.google.mlkit:common:18.11.0] AndroidManifest.xml:9:9-13:38
158            android:name="com.google.mlkit.common.internal.MlKitInitProvider"
158-->[com.google.mlkit:common:18.11.0] AndroidManifest.xml:10:13-78
159            android:authorities="com.example.vcard.mlkitinitprovider"
159-->[com.google.mlkit:common:18.11.0] AndroidManifest.xml:11:13-69
160            android:exported="false"
160-->[com.google.mlkit:common:18.11.0] AndroidManifest.xml:12:13-37
161            android:initOrder="99" />
161-->[com.google.mlkit:common:18.11.0] AndroidManifest.xml:13:13-35
162
163        <activity
163-->[com.google.android.gms:play-services-base:18.5.0] AndroidManifest.xml:5:9-173
164            android:name="com.google.android.gms.common.api.GoogleApiActivity"
164-->[com.google.android.gms:play-services-base:18.5.0] AndroidManifest.xml:5:19-85
165            android:exported="false"
165-->[com.google.android.gms:play-services-base:18.5.0] AndroidManifest.xml:5:146-170
166            android:theme="@android:style/Theme.Translucent.NoTitleBar" />
166-->[com.google.android.gms:play-services-base:18.5.0] AndroidManifest.xml:5:86-145
167
168        <meta-data
168-->[com.google.android.gms:play-services-basement:18.4.0] AndroidManifest.xml:6:9-122
169            android:name="com.google.android.gms.version"
169-->[com.google.android.gms:play-services-basement:18.4.0] AndroidManifest.xml:6:20-65
170            android:value="@integer/google_play_services_version" />
170-->[com.google.android.gms:play-services-basement:18.4.0] AndroidManifest.xml:6:66-119
171
172        <uses-library
172-->[androidx.window:window:1.2.0] AndroidManifest.xml:23:9-25:40
173            android:name="androidx.window.extensions"
173-->[androidx.window:window:1.2.0] AndroidManifest.xml:24:13-54
174            android:required="false" />
174-->[androidx.window:window:1.2.0] AndroidManifest.xml:25:13-37
175        <uses-library
175-->[androidx.window:window:1.2.0] AndroidManifest.xml:26:9-28:40
176            android:name="androidx.window.sidecar"
176-->[androidx.window:window:1.2.0] AndroidManifest.xml:27:13-51
177            android:required="false" />
177-->[androidx.window:window:1.2.0] AndroidManifest.xml:28:13-37
178
179        <provider
179-->[androidx.emoji2:emoji2:1.2.0] AndroidManifest.xml:24:9-32:20
180            android:name="androidx.startup.InitializationProvider"
180-->[androidx.emoji2:emoji2:1.2.0] AndroidManifest.xml:25:13-67
181            android:authorities="com.example.vcard.androidx-startup"
181-->[androidx.emoji2:emoji2:1.2.0] AndroidManifest.xml:26:13-68
182            android:exported="false" >
182-->[androidx.emoji2:emoji2:1.2.0] AndroidManifest.xml:27:13-37
183            <meta-data
183-->[androidx.emoji2:emoji2:1.2.0] AndroidManifest.xml:29:13-31:52
184                android:name="androidx.emoji2.text.EmojiCompatInitializer"
184-->[androidx.emoji2:emoji2:1.2.0] AndroidManifest.xml:30:17-75
185                android:value="androidx.startup" />
185-->[androidx.emoji2:emoji2:1.2.0] AndroidManifest.xml:31:17-49
186            <meta-data
186-->[androidx.lifecycle:lifecycle-process:2.7.0] AndroidManifest.xml:29:13-31:52
187                android:name="androidx.lifecycle.ProcessLifecycleInitializer"
187-->[androidx.lifecycle:lifecycle-process:2.7.0] AndroidManifest.xml:30:17-78
188                android:value="androidx.startup" />
188-->[androidx.lifecycle:lifecycle-process:2.7.0] AndroidManifest.xml:31:17-49
189            <meta-data
189-->[androidx.profileinstaller:profileinstaller:1.3.1] AndroidManifest.xml:29:13-31:52
190                android:name="androidx.profileinstaller.ProfileInstallerInitializer"
190-->[androidx.profileinstaller:profileinstaller:1.3.1] AndroidManifest.xml:30:17-85
191                android:value="androidx.startup" />
191-->[androidx.profileinstaller:profileinstaller:1.3.1] AndroidManifest.xml:31:17-49
192        </provider>
193
194        <receiver
194-->[androidx.profileinstaller:profileinstaller:1.3.1] AndroidManifest.xml:34:9-52:20
195            android:name="androidx.profileinstaller.ProfileInstallReceiver"
195-->[androidx.profileinstaller:profileinstaller:1.3.1] AndroidManifest.xml:35:13-76
196            android:directBootAware="false"
196-->[androidx.profileinstaller:profileinstaller:1.3.1] AndroidManifest.xml:36:13-44
197            android:enabled="true"
197-->[androidx.profileinstaller:profileinstaller:1.3.1] AndroidManifest.xml:37:13-35
198            android:exported="true"
198-->[androidx.profileinstaller:profileinstaller:1.3.1] AndroidManifest.xml:38:13-36
199            android:permission="android.permission.DUMP" >
199-->[androidx.profileinstaller:profileinstaller:1.3.1] AndroidManifest.xml:39:13-57
200            <intent-filter>
200-->[androidx.profileinstaller:profileinstaller:1.3.1] AndroidManifest.xml:40:13-42:29
201                <action android:name="androidx.profileinstaller.action.INSTALL_PROFILE" />
201-->[androidx.profileinstaller:profileinstaller:1.3.1] AndroidManifest.xml:41:17-91
201-->[androidx.profileinstaller:profileinstaller:1.3.1] AndroidManifest.xml:41:25-88
202            </intent-filter>
203            <intent-filter>
203-->[androidx.profileinstaller:profileinstaller:1.3.1] AndroidManifest.xml:43:13-45:29
204                <action android:name="androidx.profileinstaller.action.SKIP_FILE" />
204-->[androidx.profileinstaller:profileinstaller:1.3.1] AndroidManifest.xml:44:17-85
204-->[androidx.profileinstaller:profileinstaller:1.3.1] AndroidManifest.xml:44:25-82
205            </intent-filter>
206            <intent-filter>
206-->[androidx.profileinstaller:profileinstaller:1.3.1] AndroidManifest.xml:46:13-48:29
207                <action android:name="androidx.profileinstaller.action.SAVE_PROFILE" />
207-->[androidx.profileinstaller:profileinstaller:1.3.1] AndroidManifest.xml:47:17-88
207-->[androidx.profileinstaller:profileinstaller:1.3.1] AndroidManifest.xml:47:25-85
208            </intent-filter>
209            <intent-filter>
209-->[androidx.profileinstaller:profileinstaller:1.3.1] AndroidManifest.xml:49:13-51:29
210                <action android:name="androidx.profileinstaller.action.BENCHMARK_OPERATION" />
210-->[androidx.profileinstaller:profileinstaller:1.3.1] AndroidManifest.xml:50:17-95
210-->[androidx.profileinstaller:profileinstaller:1.3.1] AndroidManifest.xml:50:25-92
211            </intent-filter>
212        </receiver>
213
214        <service
214-->[com.google.android.datatransport:transport-backend-cct:2.3.3] AndroidManifest.xml:29:9-35:19
215            android:name="com.google.android.datatransport.runtime.backends.TransportBackendDiscovery"
215-->[com.google.android.datatransport:transport-backend-cct:2.3.3] AndroidManifest.xml:30:13-103
216            android:exported="false" >
216-->[com.google.android.datatransport:transport-backend-cct:2.3.3] AndroidManifest.xml:31:13-37
217            <meta-data
217-->[com.google.android.datatransport:transport-backend-cct:2.3.3] AndroidManifest.xml:32:13-34:39
218                android:name="backend:com.google.android.datatransport.cct.CctBackendFactory"
218-->[com.google.android.datatransport:transport-backend-cct:2.3.3] AndroidManifest.xml:33:17-94
219                android:value="cct" />
219-->[com.google.android.datatransport:transport-backend-cct:2.3.3] AndroidManifest.xml:34:17-36
220        </service>
221        <service
221-->[com.google.android.datatransport:transport-runtime:2.2.6] AndroidManifest.xml:26:9-30:19
222            android:name="com.google.android.datatransport.runtime.scheduling.jobscheduling.JobInfoSchedulerService"
222-->[com.google.android.datatransport:transport-runtime:2.2.6] AndroidManifest.xml:27:13-117
223            android:exported="false"
223-->[com.google.android.datatransport:transport-runtime:2.2.6] AndroidManifest.xml:28:13-37
224            android:permission="android.permission.BIND_JOB_SERVICE" >
224-->[com.google.android.datatransport:transport-runtime:2.2.6] AndroidManifest.xml:29:13-69
225        </service>
226
227        <receiver
227-->[com.google.android.datatransport:transport-runtime:2.2.6] AndroidManifest.xml:32:9-34:40
228            android:name="com.google.android.datatransport.runtime.scheduling.jobscheduling.AlarmManagerSchedulerBroadcastReceiver"
228-->[com.google.android.datatransport:transport-runtime:2.2.6] AndroidManifest.xml:33:13-132
229            android:exported="false" />
229-->[com.google.android.datatransport:transport-runtime:2.2.6] AndroidManifest.xml:34:13-37
230    </application>
231
232</manifest>